{"C:\\Users\\Amit Solanki\\Desktop\\express authentication\\controllers\\productController.js": {"path":"C:\\Users\\Amit Solanki\\Desktop\\express authentication\\controllers\\productController.js","statementMap":{"0":{"start":{"line":5,"column":29},"end":{"line":45,"column":1}},"1":{"start":{"line":6,"column":2},"end":{"line":44,"column":3}},"2":{"start":{"line":7,"column":19},"end":{"line":7,"column":40}},"3":{"start":{"line":8,"column":4},"end":{"line":14,"column":5}},"4":{"start":{"line":9,"column":6},"end":{"line":13,"column":9}},"5":{"start":{"line":16,"column":58},"end":{"line":16,"column":66}},"6":{"start":{"line":19,"column":22},"end":{"line":19,"column":53}},"7":{"start":{"line":21,"column":20},"end":{"line":29,"column":6}},"8":{"start":{"line":31,"column":25},"end":{"line":31,"column":45}},"9":{"start":{"line":33,"column":4},"end":{"line":37,"column":7}},"10":{"start":{"line":39,"column":4},"end":{"line":43,"column":7}},"11":{"start":{"line":48,"column":30},"end":{"line":92,"column":1}},"12":{"start":{"line":49,"column":2},"end":{"line":91,"column":3}},"13":{"start":{"line":50,"column":17},"end":{"line":50,"column":46}},"14":{"start":{"line":51,"column":18},"end":{"line":51,"column":49}},"15":{"start":{"line":52,"column":22},"end":{"line":52,"column":40}},"16":{"start":{"line":54,"column":24},"end":{"line":54,"column":46}},"17":{"start":{"line":57,"column":16},"end":{"line":57,"column":18}},"18":{"start":{"line":59,"column":4},"end":{"line":70,"column":5}},"19":{"start":{"line":61,"column":6},"end":{"line":69,"column":7}},"20":{"start":{"line":62,"column":8},"end":{"line":68,"column":10}},"21":{"start":{"line":72,"column":26},"end":{"line":72,"column":61}},"22":{"start":{"line":73,"column":21},"end":{"line":76,"column":30}},"23":{"start":{"line":78,"column":4},"end":{"line":84,"column":7}},"24":{"start":{"line":86,"column":4},"end":{"line":90,"column":7}},"25":{"start":{"line":95,"column":30},"end":{"line":119,"column":1}},"26":{"start":{"line":96,"column":2},"end":{"line":118,"column":3}},"27":{"start":{"line":97,"column":22},"end":{"line":97,"column":35}},"28":{"start":{"line":99,"column":20},"end":{"line":99,"column":53}},"29":{"start":{"line":101,"column":4},"end":{"line":106,"column":5}},"30":{"start":{"line":102,"column":6},"end":{"line":105,"column":9}},"31":{"start":{"line":108,"column":4},"end":{"line":111,"column":7}},"32":{"start":{"line":113,"column":4},"end":{"line":117,"column":7}},"33":{"start":{"line":122,"column":29},"end":{"line":189,"column":1}},"34":{"start":{"line":123,"column":2},"end":{"line":188,"column":3}},"35":{"start":{"line":124,"column":19},"end":{"line":124,"column":40}},"36":{"start":{"line":125,"column":4},"end":{"line":131,"column":5}},"37":{"start":{"line":126,"column":6},"end":{"line":130,"column":9}},"38":{"start":{"line":133,"column":22},"end":{"line":133,"column":35}},"39":{"start":{"line":134,"column":58},"end":{"line":134,"column":66}},"40":{"start":{"line":136,"column":20},"end":{"line":136,"column":53}},"41":{"start":{"line":138,"column":4},"end":{"line":143,"column":5}},"42":{"start":{"line":139,"column":6},"end":{"line":142,"column":9}},"43":{"start":{"line":158,"column":22},"end":{"line":160,"column":21}},"44":{"start":{"line":163,"column":27},"end":{"line":175,"column":5}},"45":{"start":{"line":177,"column":4},"end":{"line":181,"column":7}},"46":{"start":{"line":183,"column":4},"end":{"line":187,"column":7}},"47":{"start":{"line":192,"column":29},"end":{"line":230,"column":1}},"48":{"start":{"line":193,"column":2},"end":{"line":229,"column":3}},"49":{"start":{"line":194,"column":22},"end":{"line":194,"column":35}},"50":{"start":{"line":196,"column":20},"end":{"line":196,"column":53}},"51":{"start":{"line":198,"column":4},"end":{"line":203,"column":5}},"52":{"start":{"line":199,"column":6},"end":{"line":202,"column":9}},"53":{"start":{"line":217,"column":4},"end":{"line":217,"column":47}},"54":{"start":{"line":219,"column":4},"end":{"line":222,"column":7}},"55":{"start":{"line":224,"column":4},"end":{"line":228,"column":7}}},"fnMap":{"0":{"name":"(anonymous_0)","decl":{"start":{"line":5,"column":29},"end":{"line":5,"column":30}},"loc":{"start":{"line":5,"column":49},"end":{"line":45,"column":1}},"line":5},"1":{"name":"(anonymous_1)","decl":{"start":{"line":48,"column":30},"end":{"line":48,"column":31}},"loc":{"start":{"line":48,"column":50},"end":{"line":92,"column":1}},"line":48},"2":{"name":"(anonymous_2)","decl":{"start":{"line":95,"column":30},"end":{"line":95,"column":31}},"loc":{"start":{"line":95,"column":50},"end":{"line":119,"column":1}},"line":95},"3":{"name":"(anonymous_3)","decl":{"start":{"line":122,"column":29},"end":{"line":122,"column":30}},"loc":{"start":{"line":122,"column":49},"end":{"line":189,"column":1}},"line":122},"4":{"name":"(anonymous_4)","decl":{"start":{"line":192,"column":29},"end":{"line":192,"column":30}},"loc":{"start":{"line":192,"column":49},"end":{"line":230,"column":1}},"line":192}},"branchMap":{"0":{"loc":{"start":{"line":8,"column":4},"end":{"line":14,"column":5}},"type":"if","locations":[{"start":{"line":8,"column":4},"end":{"line":14,"column":5}},{"start":{},"end":{}}],"line":8},"1":{"loc":{"start":{"line":50,"column":17},"end":{"line":50,"column":46}},"type":"binary-expr","locations":[{"start":{"line":50,"column":17},"end":{"line":50,"column":41}},{"start":{"line":50,"column":45},"end":{"line":50,"column":46}}],"line":50},"2":{"loc":{"start":{"line":51,"column":18},"end":{"line":51,"column":49}},"type":"binary-expr","locations":[{"start":{"line":51,"column":18},"end":{"line":51,"column":43}},{"start":{"line":51,"column":47},"end":{"line":51,"column":49}}],"line":51},"3":{"loc":{"start":{"line":54,"column":24},"end":{"line":54,"column":46}},"type":"binary-expr","locations":[{"start":{"line":54,"column":24},"end":{"line":54,"column":40}},{"start":{"line":54,"column":44},"end":{"line":54,"column":46}}],"line":54},"4":{"loc":{"start":{"line":59,"column":4},"end":{"line":70,"column":5}},"type":"if","locations":[{"start":{"line":59,"column":4},"end":{"line":70,"column":5}},{"start":{},"end":{}}],"line":59},"5":{"loc":{"start":{"line":61,"column":6},"end":{"line":69,"column":7}},"type":"if","locations":[{"start":{"line":61,"column":6},"end":{"line":69,"column":7}},{"start":{},"end":{}}],"line":61},"6":{"loc":{"start":{"line":101,"column":4},"end":{"line":106,"column":5}},"type":"if","locations":[{"start":{"line":101,"column":4},"end":{"line":106,"column":5}},{"start":{},"end":{}}],"line":101},"7":{"loc":{"start":{"line":125,"column":4},"end":{"line":131,"column":5}},"type":"if","locations":[{"start":{"line":125,"column":4},"end":{"line":131,"column":5}},{"start":{},"end":{}}],"line":125},"8":{"loc":{"start":{"line":138,"column":4},"end":{"line":143,"column":5}},"type":"if","locations":[{"start":{"line":138,"column":4},"end":{"line":143,"column":5}},{"start":{},"end":{}}],"line":138},"9":{"loc":{"start":{"line":158,"column":22},"end":{"line":160,"column":21}},"type":"cond-expr","locations":[{"start":{"line":159,"column":8},"end":{"line":159,"column":48}},{"start":{"line":160,"column":8},"end":{"line":160,"column":21}}],"line":158},"10":{"loc":{"start":{"line":166,"column":14},"end":{"line":166,"column":34}},"type":"binary-expr","locations":[{"start":{"line":166,"column":14},"end":{"line":166,"column":18}},{"start":{"line":166,"column":22},"end":{"line":166,"column":34}}],"line":166},"11":{"loc":{"start":{"line":167,"column":21},"end":{"line":167,"column":55}},"type":"binary-expr","locations":[{"start":{"line":167,"column":21},"end":{"line":167,"column":32}},{"start":{"line":167,"column":36},"end":{"line":167,"column":55}}],"line":167},"12":{"loc":{"start":{"line":168,"column":15},"end":{"line":168,"column":37}},"type":"binary-expr","locations":[{"start":{"line":168,"column":15},"end":{"line":168,"column":20}},{"start":{"line":168,"column":24},"end":{"line":168,"column":37}}],"line":168},"13":{"loc":{"start":{"line":169,"column":18},"end":{"line":169,"column":46}},"type":"binary-expr","locations":[{"start":{"line":169,"column":18},"end":{"line":169,"column":26}},{"start":{"line":169,"column":30},"end":{"line":169,"column":46}}],"line":169},"14":{"loc":{"start":{"line":170,"column":15},"end":{"line":170,"column":37}},"type":"binary-expr","locations":[{"start":{"line":170,"column":15},"end":{"line":170,"column":20}},{"start":{"line":170,"column":24},"end":{"line":170,"column":37}}],"line":170},"15":{"loc":{"start":{"line":198,"column":4},"end":{"line":203,"column":5}},"type":"if","locations":[{"start":{"line":198,"column":4},"end":{"line":203,"column":5}},{"start":{},"end":{}}],"line":198}},"s":{"0":1,"1":2,"2":2,"3":2,"4":1,"5":1,"6":1,"7":1,"8":1,"9":1,"10":0,"11":1,"12":2,"13":2,"14":2,"15":2,"16":2,"17":2,"18":2,"19":1,"20":1,"21":2,"22":2,"23":2,"24":0,"25":1,"26":2,"27":2,"28":2,"29":2,"30":1,"31":1,"32":0,"33":1,"34":3,"35":3,"36":3,"37":1,"38":2,"39":2,"40":2,"41":2,"42":1,"43":1,"44":1,"45":1,"46":0,"47":1,"48":2,"49":2,"50":2,"51":2,"52":1,"53":1,"54":1,"55":0},"f":{"0":2,"1":2,"2":2,"3":3,"4":2},"b":{"0":[1,1],"1":[2,1],"2":[2,1],"3":[2,1],"4":[1,1],"5":[1,0],"6":[1,1],"7":[1,2],"8":[1,1],"9":[0,1],"10":[1,0],"11":[1,0],"12":[1,0],"13":[1,0],"14":[1,0],"15":[1,1]},"inputSourceMap":null,"_coverageSchema":"1a1c01bbd47fc00a2c39e90264f33305004495a9","hash":"4be7aca7b0ede707d46e9edfefa274f5c728e753"}
,"C:\\Users\\Amit Solanki\\Desktop\\express authentication\\controllers\\userController.js": {"path":"C:\\Users\\Amit Solanki\\Desktop\\express authentication\\controllers\\userController.js","statementMap":{"0":{"start":{"line":9,"column":28},"end":{"line":47,"column":1}},"1":{"start":{"line":10,"column":2},"end":{"line":46,"column":3}},"2":{"start":{"line":11,"column":18},"end":{"line":11,"column":39}},"3":{"start":{"line":13,"column":4},"end":{"line":17,"column":5}},"4":{"start":{"line":14,"column":6},"end":{"line":16,"column":73}},"5":{"start":{"line":18,"column":46},"end":{"line":18,"column":54}},"6":{"start":{"line":20,"column":21},"end":{"line":20,"column":50}},"7":{"start":{"line":22,"column":4},"end":{"line":22,"column":47}},"8":{"start":{"line":24,"column":4},"end":{"line":26,"column":5}},"9":{"start":{"line":25,"column":6},"end":{"line":25,"column":70}},"10":{"start":{"line":28,"column":25},"end":{"line":28,"column":56}},"11":{"start":{"line":29,"column":4},"end":{"line":29,"column":30}},"12":{"start":{"line":31,"column":17},"end":{"line":38,"column":6}},"13":{"start":{"line":39,"column":21},"end":{"line":39,"column":38}},"14":{"start":{"line":40,"column":14},"end":{"line":40,"column":145}},"15":{"start":{"line":43,"column":4},"end":{"line":43,"column":77}},"16":{"start":{"line":45,"column":4},"end":{"line":45,"column":67}},"17":{"start":{"line":49,"column":32},"end":{"line":82,"column":1}},"18":{"start":{"line":50,"column":2},"end":{"line":81,"column":3}},"19":{"start":{"line":51,"column":4},"end":{"line":53,"column":5}},"20":{"start":{"line":52,"column":6},"end":{"line":52,"column":31}},"21":{"start":{"line":55,"column":21},"end":{"line":55,"column":62}},"22":{"start":{"line":57,"column":4},"end":{"line":78,"column":5}},"23":{"start":{"line":58,"column":6},"end":{"line":62,"column":7}},"24":{"start":{"line":59,"column":8},"end":{"line":61,"column":11}},"25":{"start":{"line":63,"column":6},"end":{"line":70,"column":8}},"26":{"start":{"line":71,"column":6},"end":{"line":73,"column":9}},"27":{"start":{"line":75,"column":6},"end":{"line":77,"column":9}},"28":{"start":{"line":80,"column":4},"end":{"line":80,"column":74}},"29":{"start":{"line":84,"column":36},"end":{"line":136,"column":1}},"30":{"start":{"line":85,"column":2},"end":{"line":135,"column":3}},"31":{"start":{"line":87,"column":19},"end":{"line":87,"column":40}},"32":{"start":{"line":88,"column":4},"end":{"line":94,"column":5}},"33":{"start":{"line":89,"column":6},"end":{"line":93,"column":9}},"34":{"start":{"line":97,"column":22},"end":{"line":97,"column":30}},"35":{"start":{"line":98,"column":4},"end":{"line":98,"column":42}},"36":{"start":{"line":100,"column":4},"end":{"line":102,"column":5}},"37":{"start":{"line":101,"column":6},"end":{"line":101,"column":80}},"38":{"start":{"line":105,"column":21},"end":{"line":105,"column":50}},"39":{"start":{"line":106,"column":4},"end":{"line":108,"column":5}},"40":{"start":{"line":107,"column":6},"end":{"line":107,"column":77}},"41":{"start":{"line":111,"column":4},"end":{"line":115,"column":5}},"42":{"start":{"line":112,"column":6},"end":{"line":114,"column":65}},"43":{"start":{"line":118,"column":29},"end":{"line":118,"column":70}},"44":{"start":{"line":120,"column":16},"end":{"line":120,"column":137}},"45":{"start":{"line":125,"column":4},"end":{"line":127,"column":75}},"46":{"start":{"line":129,"column":4},"end":{"line":129,"column":65}},"47":{"start":{"line":130,"column":4},"end":{"line":134,"column":7}},"48":{"start":{"line":138,"column":30},"end":{"line":183,"column":1}},"49":{"start":{"line":139,"column":2},"end":{"line":182,"column":3}},"50":{"start":{"line":140,"column":19},"end":{"line":140,"column":40}},"51":{"start":{"line":141,"column":4},"end":{"line":147,"column":5}},"52":{"start":{"line":142,"column":6},"end":{"line":146,"column":9}},"53":{"start":{"line":150,"column":22},"end":{"line":150,"column":30}},"54":{"start":{"line":152,"column":21},"end":{"line":152,"column":50}},"55":{"start":{"line":154,"column":4},"end":{"line":154,"column":26}},"56":{"start":{"line":156,"column":4},"end":{"line":158,"column":5}},"57":{"start":{"line":157,"column":6},"end":{"line":157,"column":77}},"58":{"start":{"line":160,"column":25},"end":{"line":160,"column":48}},"59":{"start":{"line":162,"column":29},"end":{"line":162,"column":89}},"60":{"start":{"line":164,"column":16},"end":{"line":164,"column":120}},"61":{"start":{"line":166,"column":4},"end":{"line":166,"column":62}},"62":{"start":{"line":168,"column":26},"end":{"line":171,"column":6}},"63":{"start":{"line":172,"column":4},"end":{"line":172,"column":31}},"64":{"start":{"line":177,"column":4},"end":{"line":179,"column":77}},"65":{"start":{"line":181,"column":4},"end":{"line":181,"column":67}},"66":{"start":{"line":185,"column":30},"end":{"line":220,"column":1}},"67":{"start":{"line":186,"column":2},"end":{"line":219,"column":3}},"68":{"start":{"line":187,"column":32},"end":{"line":187,"column":40}},"69":{"start":{"line":191,"column":30},"end":{"line":191,"column":68}},"70":{"start":{"line":195,"column":4},"end":{"line":197,"column":5}},"71":{"start":{"line":196,"column":6},"end":{"line":196,"column":76}},"72":{"start":{"line":199,"column":25},"end":{"line":199,"column":56}},"73":{"start":{"line":203,"column":4},"end":{"line":210,"column":6}},"74":{"start":{"line":212,"column":4},"end":{"line":212,"column":45}},"75":{"start":{"line":214,"column":4},"end":{"line":216,"column":69}},"76":{"start":{"line":218,"column":4},"end":{"line":218,"column":67}},"77":{"start":{"line":222,"column":28},"end":{"line":228,"column":1}},"78":{"start":{"line":223,"column":16},"end":{"line":225,"column":4}},"79":{"start":{"line":227,"column":2},"end":{"line":227,"column":15}},"80":{"start":{"line":230,"column":25},"end":{"line":275,"column":1}},"81":{"start":{"line":231,"column":2},"end":{"line":274,"column":3}},"82":{"start":{"line":232,"column":19},"end":{"line":232,"column":40}},"83":{"start":{"line":233,"column":4},"end":{"line":239,"column":5}},"84":{"start":{"line":234,"column":6},"end":{"line":238,"column":9}},"85":{"start":{"line":241,"column":32},"end":{"line":241,"column":40}},"86":{"start":{"line":243,"column":21},"end":{"line":243,"column":50}},"87":{"start":{"line":245,"column":4},"end":{"line":249,"column":5}},"88":{"start":{"line":246,"column":6},"end":{"line":248,"column":74}},"89":{"start":{"line":251,"column":26},"end":{"line":251,"column":75}},"90":{"start":{"line":253,"column":4},"end":{"line":257,"column":5}},"91":{"start":{"line":254,"column":6},"end":{"line":256,"column":74}},"92":{"start":{"line":263,"column":24},"end":{"line":263,"column":63}},"93":{"start":{"line":265,"column":4},"end":{"line":271,"column":7}},"94":{"start":{"line":273,"column":4},"end":{"line":273,"column":67}},"95":{"start":{"line":277,"column":27},"end":{"line":287,"column":1}},"96":{"start":{"line":278,"column":2},"end":{"line":286,"column":3}},"97":{"start":{"line":279,"column":4},"end":{"line":283,"column":7}},"98":{"start":{"line":285,"column":4},"end":{"line":285,"column":67}}},"fnMap":{"0":{"name":"(anonymous_0)","decl":{"start":{"line":9,"column":28},"end":{"line":9,"column":29}},"loc":{"start":{"line":9,"column":48},"end":{"line":47,"column":1}},"line":9},"1":{"name":"(anonymous_1)","decl":{"start":{"line":49,"column":32},"end":{"line":49,"column":33}},"loc":{"start":{"line":49,"column":52},"end":{"line":82,"column":1}},"line":49},"2":{"name":"(anonymous_2)","decl":{"start":{"line":84,"column":36},"end":{"line":84,"column":37}},"loc":{"start":{"line":84,"column":56},"end":{"line":136,"column":1}},"line":84},"3":{"name":"(anonymous_3)","decl":{"start":{"line":138,"column":30},"end":{"line":138,"column":31}},"loc":{"start":{"line":138,"column":50},"end":{"line":183,"column":1}},"line":138},"4":{"name":"(anonymous_4)","decl":{"start":{"line":185,"column":30},"end":{"line":185,"column":31}},"loc":{"start":{"line":185,"column":50},"end":{"line":220,"column":1}},"line":185},"5":{"name":"(anonymous_5)","decl":{"start":{"line":222,"column":28},"end":{"line":222,"column":29}},"loc":{"start":{"line":222,"column":38},"end":{"line":228,"column":1}},"line":222},"6":{"name":"(anonymous_6)","decl":{"start":{"line":230,"column":25},"end":{"line":230,"column":26}},"loc":{"start":{"line":230,"column":45},"end":{"line":275,"column":1}},"line":230},"7":{"name":"(anonymous_7)","decl":{"start":{"line":277,"column":27},"end":{"line":277,"column":28}},"loc":{"start":{"line":277,"column":47},"end":{"line":287,"column":1}},"line":277}},"branchMap":{"0":{"loc":{"start":{"line":13,"column":4},"end":{"line":17,"column":5}},"type":"if","locations":[{"start":{"line":13,"column":4},"end":{"line":17,"column":5}},{"start":{},"end":{}}],"line":13},"1":{"loc":{"start":{"line":24,"column":4},"end":{"line":26,"column":5}},"type":"if","locations":[{"start":{"line":24,"column":4},"end":{"line":26,"column":5}},{"start":{},"end":{}}],"line":24},"2":{"loc":{"start":{"line":51,"column":4},"end":{"line":53,"column":5}},"type":"if","locations":[{"start":{"line":51,"column":4},"end":{"line":53,"column":5}},{"start":{},"end":{}}],"line":51},"3":{"loc":{"start":{"line":57,"column":4},"end":{"line":78,"column":5}},"type":"if","locations":[{"start":{"line":57,"column":4},"end":{"line":78,"column":5}},{"start":{"line":74,"column":11},"end":{"line":78,"column":5}}],"line":57},"4":{"loc":{"start":{"line":58,"column":6},"end":{"line":62,"column":7}},"type":"if","locations":[{"start":{"line":58,"column":6},"end":{"line":62,"column":7}},{"start":{},"end":{}}],"line":58},"5":{"loc":{"start":{"line":88,"column":4},"end":{"line":94,"column":5}},"type":"if","locations":[{"start":{"line":88,"column":4},"end":{"line":94,"column":5}},{"start":{},"end":{}}],"line":88},"6":{"loc":{"start":{"line":100,"column":4},"end":{"line":102,"column":5}},"type":"if","locations":[{"start":{"line":100,"column":4},"end":{"line":102,"column":5}},{"start":{},"end":{}}],"line":100},"7":{"loc":{"start":{"line":106,"column":4},"end":{"line":108,"column":5}},"type":"if","locations":[{"start":{"line":106,"column":4},"end":{"line":108,"column":5}},{"start":{},"end":{}}],"line":106},"8":{"loc":{"start":{"line":111,"column":4},"end":{"line":115,"column":5}},"type":"if","locations":[{"start":{"line":111,"column":4},"end":{"line":115,"column":5}},{"start":{},"end":{}}],"line":111},"9":{"loc":{"start":{"line":141,"column":4},"end":{"line":147,"column":5}},"type":"if","locations":[{"start":{"line":141,"column":4},"end":{"line":147,"column":5}},{"start":{},"end":{}}],"line":141},"10":{"loc":{"start":{"line":156,"column":4},"end":{"line":158,"column":5}},"type":"if","locations":[{"start":{"line":156,"column":4},"end":{"line":158,"column":5}},{"start":{},"end":{}}],"line":156},"11":{"loc":{"start":{"line":195,"column":4},"end":{"line":197,"column":5}},"type":"if","locations":[{"start":{"line":195,"column":4},"end":{"line":197,"column":5}},{"start":{},"end":{}}],"line":195},"12":{"loc":{"start":{"line":233,"column":4},"end":{"line":239,"column":5}},"type":"if","locations":[{"start":{"line":233,"column":4},"end":{"line":239,"column":5}},{"start":{},"end":{}}],"line":233},"13":{"loc":{"start":{"line":245,"column":4},"end":{"line":249,"column":5}},"type":"if","locations":[{"start":{"line":245,"column":4},"end":{"line":249,"column":5}},{"start":{},"end":{}}],"line":245},"14":{"loc":{"start":{"line":253,"column":4},"end":{"line":257,"column":5}},"type":"if","locations":[{"start":{"line":253,"column":4},"end":{"line":257,"column":5}},{"start":{},"end":{}}],"line":253}},"s":{"0":1,"1":2,"2":2,"3":2,"4":0,"5":2,"6":2,"7":2,"8":2,"9":1,"10":1,"11":1,"12":1,"13":1,"14":1,"15":1,"16":0,"17":1,"18":0,"19":0,"20":0,"21":0,"22":0,"23":0,"24":0,"25":0,"26":0,"27":0,"28":0,"29":1,"30":0,"31":0,"32":0,"33":0,"34":0,"35":0,"36":0,"37":0,"38":0,"39":0,"40":0,"41":0,"42":0,"43":0,"44":0,"45":0,"46":0,"47":0,"48":1,"49":1,"50":1,"51":1,"52":0,"53":1,"54":1,"55":1,"56":1,"57":0,"58":1,"59":1,"60":1,"61":1,"62":1,"63":1,"64":1,"65":0,"66":1,"67":1,"68":1,"69":1,"70":1,"71":0,"72":1,"73":1,"74":1,"75":1,"76":0,"77":1,"78":2,"79":2,"80":1,"81":3,"82":3,"83":3,"84":0,"85":3,"86":3,"87":3,"88":0,"89":3,"90":3,"91":1,"92":2,"93":2,"94":0,"95":1,"96":1,"97":1,"98":0},"f":{"0":2,"1":0,"2":0,"3":1,"4":1,"5":2,"6":3,"7":1},"b":{"0":[0,2],"1":[1,1],"2":[0,0],"3":[0,0],"4":[0,0],"5":[0,0],"6":[0,0],"7":[0,0],"8":[0,0],"9":[0,1],"10":[0,1],"11":[0,1],"12":[0,3],"13":[0,3],"14":[1,2]},"inputSourceMap":null,"_coverageSchema":"1a1c01bbd47fc00a2c39e90264f33305004495a9","hash":"fd992118a670f569b907c30e25f1c317f745854d"}
,"C:\\Users\\Amit Solanki\\Desktop\\express authentication\\helpers\\mailer.js": {"path":"C:\\Users\\Amit Solanki\\Desktop\\express authentication\\helpers\\mailer.js","statementMap":{"0":{"start":{"line":2,"column":24},"end":{"line":28,"column":1}},"1":{"start":{"line":3,"column":2},"end":{"line":27,"column":3}},"2":{"start":{"line":4,"column":24},"end":{"line":15,"column":6}},"3":{"start":{"line":16,"column":4},"end":{"line":21,"column":7}},"4":{"start":{"line":22,"column":4},"end":{"line":22,"column":43}},"5":{"start":{"line":24,"column":4},"end":{"line":24,"column":35}},"6":{"start":{"line":25,"column":4},"end":{"line":25,"column":23}},"7":{"start":{"line":26,"column":4},"end":{"line":26,"column":17}}},"fnMap":{"0":{"name":"(anonymous_0)","decl":{"start":{"line":2,"column":24},"end":{"line":2,"column":25}},"loc":{"start":{"line":2,"column":56},"end":{"line":28,"column":1}},"line":2}},"branchMap":{},"s":{"0":2,"1":1,"2":1,"3":1,"4":0,"5":0,"6":0,"7":0},"f":{"0":1},"b":{},"inputSourceMap":null,"_coverageSchema":"1a1c01bbd47fc00a2c39e90264f33305004495a9","hash":"6c1180e5b6881481fb3675622deadedafd534127"}
,"C:\\Users\\Amit Solanki\\Desktop\\express authentication\\helpers\\productValidation.js": {"path":"C:\\Users\\Amit Solanki\\Desktop\\express authentication\\helpers\\productValidation.js","statementMap":{"0":{"start":{"line":3,"column":33},"end":{"line":9,"column":1}},"1":{"start":{"line":11,"column":39},"end":{"line":21,"column":1}}},"fnMap":{},"branchMap":{},"s":{"0":2,"1":2},"f":{},"b":{},"inputSourceMap":null,"_coverageSchema":"1a1c01bbd47fc00a2c39e90264f33305004495a9","hash":"78fdd3b2d24dba82c42973b86a3a934a68bf7d88"}
,"C:\\Users\\Amit Solanki\\Desktop\\express authentication\\helpers\\validation.js": {"path":"C:\\Users\\Amit Solanki\\Desktop\\express authentication\\helpers\\validation.js","statementMap":{"0":{"start":{"line":3,"column":34},"end":{"line":25,"column":1}},"1":{"start":{"line":15,"column":4},"end":{"line":23,"column":5}},"2":{"start":{"line":20,"column":6},"end":{"line":20,"column":18}},"3":{"start":{"line":22,"column":6},"end":{"line":22,"column":19}},"4":{"start":{"line":27,"column":33},"end":{"line":31,"column":1}},"5":{"start":{"line":33,"column":38},"end":{"line":37,"column":1}},"6":{"start":{"line":39,"column":30},"end":{"line":44,"column":1}}},"fnMap":{"0":{"name":"(anonymous_0)","decl":{"start":{"line":14,"column":50},"end":{"line":14,"column":51}},"loc":{"start":{"line":14,"column":70},"end":{"line":24,"column":3}},"line":14}},"branchMap":{"0":{"loc":{"start":{"line":15,"column":4},"end":{"line":23,"column":5}},"type":"if","locations":[{"start":{"line":15,"column":4},"end":{"line":23,"column":5}},{"start":{"line":21,"column":11},"end":{"line":23,"column":5}}],"line":15},"1":{"loc":{"start":{"line":16,"column":6},"end":{"line":18,"column":39}},"type":"binary-expr","locations":[{"start":{"line":16,"column":6},"end":{"line":16,"column":39}},{"start":{"line":17,"column":6},"end":{"line":17,"column":40}},{"start":{"line":18,"column":6},"end":{"line":18,"column":39}}],"line":16}},"s":{"0":2,"1":2,"2":0,"3":2,"4":2,"5":2,"6":2},"f":{"0":2},"b":{"0":[0,2],"1":[2,2,2]},"inputSourceMap":null,"_coverageSchema":"1a1c01bbd47fc00a2c39e90264f33305004495a9","hash":"d51221b40d71cf5f015b3d13d129a576f10ebe7c"}
,"C:\\Users\\Amit Solanki\\Desktop\\express authentication\\middleware\\auth.js": {"path":"C:\\Users\\Amit Solanki\\Desktop\\express authentication\\middleware\\auth.js","statementMap":{"0":{"start":{"line":3,"column":20},"end":{"line":27,"column":1}},"1":{"start":{"line":7,"column":2},"end":{"line":7,"column":28}},"2":{"start":{"line":8,"column":2},"end":{"line":8,"column":30}},"3":{"start":{"line":11,"column":4},"end":{"line":11,"column":69}},"4":{"start":{"line":13,"column":2},"end":{"line":15,"column":3}},"5":{"start":{"line":14,"column":4},"end":{"line":14,"column":78}},"6":{"start":{"line":16,"column":2},"end":{"line":26,"column":3}},"7":{"start":{"line":17,"column":19},"end":{"line":17,"column":35}},"8":{"start":{"line":18,"column":24},"end":{"line":18,"column":33}},"9":{"start":{"line":20,"column":23},"end":{"line":20,"column":79}},"10":{"start":{"line":22,"column":4},"end":{"line":22,"column":26}},"11":{"start":{"line":23,"column":4},"end":{"line":23,"column":18}},"12":{"start":{"line":25,"column":4},"end":{"line":25,"column":74}}},"fnMap":{"0":{"name":"(anonymous_0)","decl":{"start":{"line":3,"column":20},"end":{"line":3,"column":21}},"loc":{"start":{"line":3,"column":40},"end":{"line":27,"column":1}},"line":3}},"branchMap":{"0":{"loc":{"start":{"line":7,"column":13},"end":{"line":7,"column":27}},"type":"binary-expr","locations":[{"start":{"line":7,"column":13},"end":{"line":7,"column":21}},{"start":{"line":7,"column":25},"end":{"line":7,"column":27}}],"line":7},"1":{"loc":{"start":{"line":8,"column":14},"end":{"line":8,"column":29}},"type":"binary-expr","locations":[{"start":{"line":8,"column":14},"end":{"line":8,"column":23}},{"start":{"line":8,"column":27},"end":{"line":8,"column":29}}],"line":8},"2":{"loc":{"start":{"line":11,"column":4},"end":{"line":11,"column":69}},"type":"binary-expr","locations":[{"start":{"line":11,"column":4},"end":{"line":11,"column":18}},{"start":{"line":11,"column":22},"end":{"line":11,"column":37}},{"start":{"line":11,"column":41},"end":{"line":11,"column":69}}],"line":11},"3":{"loc":{"start":{"line":13,"column":2},"end":{"line":15,"column":3}},"type":"if","locations":[{"start":{"line":13,"column":2},"end":{"line":15,"column":3}},{"start":{},"end":{}}],"line":13}},"s":{"0":3,"1":13,"2":13,"3":13,"4":13,"5":2,"6":11,"7":11,"8":11,"9":11,"10":7,"11":7,"12":4},"f":{"0":13},"b":{"0":[13,3],"1":[13,4],"2":[13,12,11],"3":[2,11]},"inputSourceMap":null,"_coverageSchema":"1a1c01bbd47fc00a2c39e90264f33305004495a9","hash":"a010879178e636977ec465b65afa02dcddda3469"}
,"C:\\Users\\Amit Solanki\\Desktop\\express authentication\\models\\passwordReset.js": {"path":"C:\\Users\\Amit Solanki\\Desktop\\express authentication\\models\\passwordReset.js","statementMap":{"0":{"start":{"line":3,"column":28},"end":{"line":13,"column":2}},"1":{"start":{"line":15,"column":29},"end":{"line":18,"column":1}}},"fnMap":{},"branchMap":{},"s":{"0":1,"1":1},"f":{},"b":{},"inputSourceMap":null,"_coverageSchema":"1a1c01bbd47fc00a2c39e90264f33305004495a9","hash":"363624c7f475d37b1478cf724443667e57d050c5"}
,"C:\\Users\\Amit Solanki\\Desktop\\express authentication\\models\\productModel.js": {"path":"C:\\Users\\Amit Solanki\\Desktop\\express authentication\\models\\productModel.js","statementMap":{"0":{"start":{"line":3,"column":22},"end":{"line":48,"column":1}},"1":{"start":{"line":51,"column":0},"end":{"line":55,"column":3}},"2":{"start":{"line":57,"column":23},"end":{"line":57,"column":63}}},"fnMap":{},"branchMap":{},"s":{"0":1,"1":1,"2":1},"f":{},"b":{},"inputSourceMap":null,"_coverageSchema":"1a1c01bbd47fc00a2c39e90264f33305004495a9","hash":"ca19e5651b659647298ebd62a04a67fe53fafed9"}
,"C:\\Users\\Amit Solanki\\Desktop\\express authentication\\models\\userModel.js": {"path":"C:\\Users\\Amit Solanki\\Desktop\\express authentication\\models\\userModel.js","statementMap":{"0":{"start":{"line":3,"column":19},"end":{"line":29,"column":2}},"1":{"start":{"line":31,"column":20},"end":{"line":31,"column":54}}},"fnMap":{},"branchMap":{},"s":{"0":3,"1":3},"f":{},"b":{},"inputSourceMap":null,"_coverageSchema":"1a1c01bbd47fc00a2c39e90264f33305004495a9","hash":"57be42665f1d8fc42e8b24b32ccd78a04ccbfcfb"}
,"C:\\Users\\Amit Solanki\\Desktop\\express authentication\\routes\\authRoute.js": {"path":"C:\\Users\\Amit Solanki\\Desktop\\express authentication\\routes\\authRoute.js","statementMap":{"0":{"start":{"line":5,"column":15},"end":{"line":5,"column":31}},"1":{"start":{"line":6,"column":0},"end":{"line":6,"column":27}},"2":{"start":{"line":7,"column":0},"end":{"line":7,"column":30}},"3":{"start":{"line":8,"column":0},"end":{"line":8,"column":54}},"4":{"start":{"line":11,"column":0},"end":{"line":11,"column":48}}},"fnMap":{},"branchMap":{},"s":{"0":1,"1":1,"2":1,"3":1,"4":1},"f":{},"b":{},"inputSourceMap":null,"_coverageSchema":"1a1c01bbd47fc00a2c39e90264f33305004495a9","hash":"55d3116ac36ef2e4b5e00dd294c8ace94d5a364b"}
,"C:\\Users\\Amit Solanki\\Desktop\\express authentication\\routes\\productRoute.js": {"path":"C:\\Users\\Amit Solanki\\Desktop\\express authentication\\routes\\productRoute.js","statementMap":{"0":{"start":{"line":18,"column":15},"end":{"line":18,"column":31}},"1":{"start":{"line":19,"column":0},"end":{"line":19,"column":27}},"2":{"start":{"line":22,"column":18},"end":{"line":22,"column":53}},"3":{"start":{"line":23,"column":20},"end":{"line":23,"column":52}},"4":{"start":{"line":26,"column":0},"end":{"line":28,"column":1}},"5":{"start":{"line":27,"column":2},"end":{"line":27,"column":26}},"6":{"start":{"line":29,"column":0},"end":{"line":31,"column":1}},"7":{"start":{"line":30,"column":2},"end":{"line":30,"column":28}},"8":{"start":{"line":34,"column":16},"end":{"line":50,"column":2}},"9":{"start":{"line":36,"column":4},"end":{"line":42,"column":5}},"10":{"start":{"line":41,"column":6},"end":{"line":41,"column":28}},"11":{"start":{"line":45,"column":22},"end":{"line":45,"column":32}},"12":{"start":{"line":46,"column":20},"end":{"line":46,"column":54}},"13":{"start":{"line":47,"column":21},"end":{"line":47,"column":54}},"14":{"start":{"line":48,"column":4},"end":{"line":48,"column":23}},"15":{"start":{"line":52,"column":19},"end":{"line":62,"column":1}},"16":{"start":{"line":53,"column":2},"end":{"line":61,"column":3}},"17":{"start":{"line":58,"column":4},"end":{"line":58,"column":19}},"18":{"start":{"line":60,"column":4},"end":{"line":60,"column":74}},"19":{"start":{"line":64,"column":15},"end":{"line":64,"column":55}},"20":{"start":{"line":67,"column":0},"end":{"line":73,"column":2}},"21":{"start":{"line":74,"column":0},"end":{"line":74,"column":32}},"22":{"start":{"line":75,"column":0},"end":{"line":75,"column":35}},"23":{"start":{"line":76,"column":0},"end":{"line":82,"column":2}},"24":{"start":{"line":83,"column":0},"end":{"line":83,"column":43}}},"fnMap":{"0":{"name":"(anonymous_0)","decl":{"start":{"line":35,"column":15},"end":{"line":35,"column":16}},"loc":{"start":{"line":35,"column":40},"end":{"line":43,"column":3}},"line":35},"1":{"name":"(anonymous_1)","decl":{"start":{"line":44,"column":2},"end":{"line":44,"column":3}},"loc":{"start":{"line":44,"column":26},"end":{"line":49,"column":3}},"line":44},"2":{"name":"(anonymous_2)","decl":{"start":{"line":52,"column":19},"end":{"line":52,"column":20}},"loc":{"start":{"line":52,"column":38},"end":{"line":62,"column":1}},"line":52}},"branchMap":{"0":{"loc":{"start":{"line":26,"column":0},"end":{"line":28,"column":1}},"type":"if","locations":[{"start":{"line":26,"column":0},"end":{"line":28,"column":1}},{"start":{},"end":{}}],"line":26},"1":{"loc":{"start":{"line":29,"column":0},"end":{"line":31,"column":1}},"type":"if","locations":[{"start":{"line":29,"column":0},"end":{"line":31,"column":1}},{"start":{},"end":{}}],"line":29},"2":{"loc":{"start":{"line":36,"column":4},"end":{"line":42,"column":5}},"type":"if","locations":[{"start":{"line":36,"column":4},"end":{"line":42,"column":5}},{"start":{},"end":{}}],"line":36},"3":{"loc":{"start":{"line":37,"column":6},"end":{"line":39,"column":35}},"type":"binary-expr","locations":[{"start":{"line":37,"column":6},"end":{"line":37,"column":35}},{"start":{"line":38,"column":6},"end":{"line":38,"column":36}},{"start":{"line":39,"column":6},"end":{"line":39,"column":35}}],"line":37},"4":{"loc":{"start":{"line":53,"column":2},"end":{"line":61,"column":3}},"type":"if","locations":[{"start":{"line":53,"column":2},"end":{"line":61,"column":3}},{"start":{"line":59,"column":9},"end":{"line":61,"column":3}}],"line":53},"5":{"loc":{"start":{"line":54,"column":4},"end":{"line":56,"column":33}},"type":"binary-expr","locations":[{"start":{"line":54,"column":4},"end":{"line":54,"column":33}},{"start":{"line":55,"column":4},"end":{"line":55,"column":34}},{"start":{"line":56,"column":4},"end":{"line":56,"column":33}}],"line":54}},"s":{"0":1,"1":1,"2":1,"3":1,"4":1,"5":0,"6":1,"7":0,"8":1,"9":2,"10":2,"11":2,"12":2,"13":2,"14":2,"15":1,"16":2,"17":2,"18":0,"19":1,"20":1,"21":1,"22":1,"23":1,"24":1},"f":{"0":2,"1":2,"2":2},"b":{"0":[0,1],"1":[0,1],"2":[2,0],"3":[2,2,0],"4":[2,0],"5":[2,2,0]},"inputSourceMap":null,"_coverageSchema":"1a1c01bbd47fc00a2c39e90264f33305004495a9","hash":"e0ab8a6afb70d9c4afa727706f7521cdd8496e23"}
,"C:\\Users\\Amit Solanki\\Desktop\\express authentication\\routes\\userRoute.js": {"path":"C:\\Users\\Amit Solanki\\Desktop\\express authentication\\routes\\userRoute.js","statementMap":{"0":{"start":{"line":22,"column":15},"end":{"line":22,"column":31}},"1":{"start":{"line":23,"column":0},"end":{"line":23,"column":27}},"2":{"start":{"line":29,"column":16},"end":{"line":47,"column":2}},"3":{"start":{"line":31,"column":4},"end":{"line":37,"column":5}},"4":{"start":{"line":36,"column":6},"end":{"line":36,"column":26}},"5":{"start":{"line":40,"column":22},"end":{"line":40,"column":32}},"6":{"start":{"line":42,"column":20},"end":{"line":42,"column":54}},"7":{"start":{"line":43,"column":21},"end":{"line":43,"column":46}},"8":{"start":{"line":45,"column":4},"end":{"line":45,"column":23}},"9":{"start":{"line":49,"column":19},"end":{"line":59,"column":1}},"10":{"start":{"line":50,"column":2},"end":{"line":58,"column":3}},"11":{"start":{"line":55,"column":4},"end":{"line":55,"column":19}},"12":{"start":{"line":57,"column":4},"end":{"line":57,"column":55}},"13":{"start":{"line":61,"column":15},"end":{"line":61,"column":55}},"14":{"start":{"line":63,"column":0},"end":{"line":68,"column":2}},"15":{"start":{"line":70,"column":0},"end":{"line":70,"column":80}},"16":{"start":{"line":72,"column":0},"end":{"line":72,"column":72}},"17":{"start":{"line":74,"column":0},"end":{"line":74,"column":48}},"18":{"start":{"line":76,"column":0},"end":{"line":76,"column":49}},"19":{"start":{"line":78,"column":0},"end":{"line":78,"column":42}}},"fnMap":{"0":{"name":"(anonymous_0)","decl":{"start":{"line":30,"column":15},"end":{"line":30,"column":16}},"loc":{"start":{"line":30,"column":40},"end":{"line":38,"column":3}},"line":30},"1":{"name":"(anonymous_1)","decl":{"start":{"line":39,"column":2},"end":{"line":39,"column":3}},"loc":{"start":{"line":39,"column":26},"end":{"line":46,"column":3}},"line":39},"2":{"name":"(anonymous_2)","decl":{"start":{"line":49,"column":19},"end":{"line":49,"column":20}},"loc":{"start":{"line":49,"column":38},"end":{"line":59,"column":1}},"line":49}},"branchMap":{"0":{"loc":{"start":{"line":31,"column":4},"end":{"line":37,"column":5}},"type":"if","locations":[{"start":{"line":31,"column":4},"end":{"line":37,"column":5}},{"start":{},"end":{}}],"line":31},"1":{"loc":{"start":{"line":32,"column":6},"end":{"line":34,"column":35}},"type":"binary-expr","locations":[{"start":{"line":32,"column":6},"end":{"line":32,"column":35}},{"start":{"line":33,"column":6},"end":{"line":33,"column":36}},{"start":{"line":34,"column":6},"end":{"line":34,"column":35}}],"line":32},"2":{"loc":{"start":{"line":50,"column":2},"end":{"line":58,"column":3}},"type":"if","locations":[{"start":{"line":50,"column":2},"end":{"line":58,"column":3}},{"start":{"line":56,"column":9},"end":{"line":58,"column":3}}],"line":50},"3":{"loc":{"start":{"line":51,"column":4},"end":{"line":53,"column":33}},"type":"binary-expr","locations":[{"start":{"line":51,"column":4},"end":{"line":51,"column":33}},{"start":{"line":52,"column":4},"end":{"line":52,"column":34}},{"start":{"line":53,"column":4},"end":{"line":53,"column":33}}],"line":51}},"s":{"0":1,"1":1,"2":1,"3":2,"4":2,"5":2,"6":2,"7":2,"8":2,"9":1,"10":2,"11":2,"12":0,"13":1,"14":1,"15":1,"16":1,"17":1,"18":1,"19":1},"f":{"0":2,"1":2,"2":2},"b":{"0":[2,0],"1":[2,2,0],"2":[2,0],"3":[2,2,0]},"inputSourceMap":null,"_coverageSchema":"1a1c01bbd47fc00a2c39e90264f33305004495a9","hash":"4a4fca4aa659da2fda3795966e9e2e959b5b11a2"}
}
