TN:
SF:controllers\productController.js
FN:5,(anonymous_0)
FN:48,(anonymous_1)
FN:95,(anonymous_2)
FN:122,(anonymous_3)
FN:192,(anonymous_4)
FNF:5
FNH:5
FNDA:2,(anonymous_0)
FNDA:2,(anonymous_1)
FNDA:2,(anonymous_2)
FNDA:3,(anonymous_3)
FNDA:2,(anonymous_4)
DA:5,1
DA:6,2
DA:7,2
DA:8,2
DA:9,1
DA:16,1
DA:19,1
DA:21,1
DA:31,1
DA:33,1
DA:39,0
DA:48,1
DA:49,2
DA:50,2
DA:51,2
DA:52,2
DA:54,2
DA:57,2
DA:59,2
DA:61,1
DA:62,1
DA:72,2
DA:73,2
DA:78,2
DA:86,0
DA:95,1
DA:96,2
DA:97,2
DA:99,2
DA:101,2
DA:102,1
DA:108,1
DA:113,0
DA:122,1
DA:123,3
DA:124,3
DA:125,3
DA:126,1
DA:133,2
DA:134,2
DA:136,2
DA:138,2
DA:139,1
DA:158,1
DA:163,1
DA:177,1
DA:183,0
DA:192,1
DA:193,2
DA:194,2
DA:196,2
DA:198,2
DA:199,1
DA:217,1
DA:219,1
DA:224,0
LF:56
LH:51
BRDA:8,0,0,1
BRDA:8,0,1,1
BRDA:50,1,0,2
BRDA:50,1,1,1
BRDA:51,2,0,2
BRDA:51,2,1,1
BRDA:54,3,0,2
BRDA:54,3,1,1
BRDA:59,4,0,1
BRDA:59,4,1,1
BRDA:61,5,0,1
BRDA:61,5,1,0
BRDA:101,6,0,1
BRDA:101,6,1,1
BRDA:125,7,0,1
BRDA:125,7,1,2
BRDA:138,8,0,1
BRDA:138,8,1,1
BRDA:158,9,0,0
BRDA:158,9,1,1
BRDA:166,10,0,1
BRDA:166,10,1,0
BRDA:167,11,0,1
BRDA:167,11,1,0
BRDA:168,12,0,1
BRDA:168,12,1,0
BRDA:169,13,0,1
BRDA:169,13,1,0
BRDA:170,14,0,1
BRDA:170,14,1,0
BRDA:198,15,0,1
BRDA:198,15,1,1
BRF:32
BRH:25
end_of_record
TN:
SF:controllers\userController.js
FN:9,(anonymous_0)
FN:49,(anonymous_1)
FN:84,(anonymous_2)
FN:138,(anonymous_3)
FN:185,(anonymous_4)
FN:222,(anonymous_5)
FN:230,(anonymous_6)
FN:277,(anonymous_7)
FNF:8
FNH:6
FNDA:2,(anonymous_0)
FNDA:0,(anonymous_1)
FNDA:0,(anonymous_2)
FNDA:1,(anonymous_3)
FNDA:1,(anonymous_4)
FNDA:2,(anonymous_5)
FNDA:3,(anonymous_6)
FNDA:1,(anonymous_7)
DA:9,1
DA:10,2
DA:11,2
DA:13,2
DA:14,0
DA:18,2
DA:20,2
DA:22,2
DA:24,2
DA:25,1
DA:28,1
DA:29,1
DA:31,1
DA:39,1
DA:40,1
DA:43,1
DA:45,0
DA:49,1
DA:50,0
DA:51,0
DA:52,0
DA:55,0
DA:57,0
DA:58,0
DA:59,0
DA:63,0
DA:71,0
DA:75,0
DA:80,0
DA:84,1
DA:85,0
DA:87,0
DA:88,0
DA:89,0
DA:97,0
DA:98,0
DA:100,0
DA:101,0
DA:105,0
DA:106,0
DA:107,0
DA:111,0
DA:112,0
DA:118,0
DA:120,0
DA:125,0
DA:129,0
DA:130,0
DA:138,1
DA:139,1
DA:140,1
DA:141,1
DA:142,0
DA:150,1
DA:152,1
DA:154,1
DA:156,1
DA:157,0
DA:160,1
DA:162,1
DA:164,1
DA:166,1
DA:168,1
DA:172,1
DA:177,1
DA:181,0
DA:185,1
DA:186,1
DA:187,1
DA:191,1
DA:195,1
DA:196,0
DA:199,1
DA:203,1
DA:212,1
DA:214,1
DA:218,0
DA:222,1
DA:223,2
DA:227,2
DA:230,1
DA:231,3
DA:232,3
DA:233,3
DA:234,0
DA:241,3
DA:243,3
DA:245,3
DA:246,0
DA:251,3
DA:253,3
DA:254,1
DA:263,2
DA:265,2
DA:273,0
DA:277,1
DA:278,1
DA:279,1
DA:285,0
LF:99
LH:59
BRDA:13,0,0,0
BRDA:13,0,1,2
BRDA:24,1,0,1
BRDA:24,1,1,1
BRDA:51,2,0,0
BRDA:51,2,1,0
BRDA:57,3,0,0
BRDA:57,3,1,0
BRDA:58,4,0,0
BRDA:58,4,1,0
BRDA:88,5,0,0
BRDA:88,5,1,0
BRDA:100,6,0,0
BRDA:100,6,1,0
BRDA:106,7,0,0
BRDA:106,7,1,0
BRDA:111,8,0,0
BRDA:111,8,1,0
BRDA:141,9,0,0
BRDA:141,9,1,1
BRDA:156,10,0,0
BRDA:156,10,1,1
BRDA:195,11,0,0
BRDA:195,11,1,1
BRDA:233,12,0,0
BRDA:233,12,1,3
BRDA:245,13,0,0
BRDA:245,13,1,3
BRDA:253,14,0,1
BRDA:253,14,1,2
BRF:30
BRH:10
end_of_record
TN:
SF:helpers\mailer.js
FN:2,(anonymous_0)
FNF:1
FNH:1
FNDA:1,(anonymous_0)
DA:2,2
DA:3,1
DA:4,1
DA:16,1
DA:22,0
DA:24,0
DA:25,0
DA:26,0
LF:8
LH:4
BRF:0
BRH:0
end_of_record
TN:
SF:helpers\productValidation.js
FNF:0
FNH:0
DA:3,2
DA:11,2
LF:2
LH:2
BRF:0
BRH:0
end_of_record
TN:
SF:helpers\validation.js
FN:14,(anonymous_0)
FNF:1
FNH:1
FNDA:2,(anonymous_0)
DA:3,2
DA:15,2
DA:20,0
DA:22,2
DA:27,2
DA:33,2
DA:39,2
LF:7
LH:6
BRDA:15,0,0,0
BRDA:15,0,1,2
BRDA:16,1,0,2
BRDA:16,1,1,2
BRDA:16,1,2,2
BRF:5
BRH:4
end_of_record
TN:
SF:middleware\auth.js
FN:3,(anonymous_0)
FNF:1
FNH:1
FNDA:13,(anonymous_0)
DA:3,3
DA:7,13
DA:8,13
DA:11,13
DA:13,13
DA:14,2
DA:16,11
DA:17,11
DA:18,11
DA:20,11
DA:22,7
DA:23,7
DA:25,4
LF:13
LH:13
BRDA:7,0,0,13
BRDA:7,0,1,3
BRDA:8,1,0,13
BRDA:8,1,1,4
BRDA:11,2,0,13
BRDA:11,2,1,12
BRDA:11,2,2,11
BRDA:13,3,0,2
BRDA:13,3,1,11
BRF:9
BRH:9
end_of_record
TN:
SF:models\passwordReset.js
FNF:0
FNH:0
DA:3,1
DA:15,1
LF:2
LH:2
BRF:0
BRH:0
end_of_record
TN:
SF:models\productModel.js
FNF:0
FNH:0
DA:3,1
DA:51,1
DA:57,1
LF:3
LH:3
BRF:0
BRH:0
end_of_record
TN:
SF:models\userModel.js
FNF:0
FNH:0
DA:3,3
DA:31,3
LF:2
LH:2
BRF:0
BRH:0
end_of_record
TN:
SF:routes\authRoute.js
FNF:0
FNH:0
DA:5,1
DA:6,1
DA:7,1
DA:8,1
DA:11,1
LF:5
LH:5
BRF:0
BRH:0
end_of_record
TN:
SF:routes\productRoute.js
FN:35,(anonymous_0)
FN:44,(anonymous_1)
FN:52,(anonymous_2)
FNF:3
FNH:3
FNDA:2,(anonymous_0)
FNDA:2,(anonymous_1)
FNDA:2,(anonymous_2)
DA:18,1
DA:19,1
DA:22,1
DA:23,1
DA:26,1
DA:27,0
DA:29,1
DA:30,0
DA:34,1
DA:36,2
DA:41,2
DA:45,2
DA:46,2
DA:47,2
DA:48,2
DA:52,1
DA:53,2
DA:58,2
DA:60,0
DA:64,1
DA:67,1
DA:74,1
DA:75,1
DA:76,1
DA:83,1
LF:25
LH:22
BRDA:26,0,0,0
BRDA:26,0,1,1
BRDA:29,1,0,0
BRDA:29,1,1,1
BRDA:36,2,0,2
BRDA:36,2,1,0
BRDA:37,3,0,2
BRDA:37,3,1,2
BRDA:37,3,2,0
BRDA:53,4,0,2
BRDA:53,4,1,0
BRDA:54,5,0,2
BRDA:54,5,1,2
BRDA:54,5,2,0
BRF:14
BRH:8
end_of_record
TN:
SF:routes\userRoute.js
FN:30,(anonymous_0)
FN:39,(anonymous_1)
FN:49,(anonymous_2)
FNF:3
FNH:3
FNDA:2,(anonymous_0)
FNDA:2,(anonymous_1)
FNDA:2,(anonymous_2)
DA:22,1
DA:23,1
DA:29,1
DA:31,2
DA:36,2
DA:40,2
DA:42,2
DA:43,2
DA:45,2
DA:49,1
DA:50,2
DA:55,2
DA:57,0
DA:61,1
DA:63,1
DA:70,1
DA:72,1
DA:74,1
DA:76,1
DA:78,1
LF:20
LH:19
BRDA:31,0,0,2
BRDA:31,0,1,0
BRDA:32,1,0,2
BRDA:32,1,1,2
BRDA:32,1,2,0
BRDA:50,2,0,2
BRDA:50,2,1,0
BRDA:51,3,0,2
BRDA:51,3,1,2
BRDA:51,3,2,0
BRF:10
BRH:6
end_of_record
